[debug] [2023-12-05T15:08:13.843Z] ----------------------------------------------------------------------
[debug] [2023-12-05T15:08:13.846Z] Command:       /Users/f.moreno/.nvm/versions/node/v20.7.0/bin/node /Users/f.moreno/.nvm/versions/node/v20.7.0/bin/firebase init hosting:github
[debug] [2023-12-05T15:08:13.846Z] CLI Version:   12.9.1
[debug] [2023-12-05T15:08:13.846Z] Platform:      darwin
[debug] [2023-12-05T15:08:13.847Z] Node Version:  v20.7.0
[debug] [2023-12-05T15:08:13.847Z] Time:          Tue Dec 05 2023 16:08:13 GMT+0100 (Central European Standard Time)
[debug] [2023-12-05T15:08:13.847Z] ----------------------------------------------------------------------
[debug] 
[debug] [2023-12-05T15:08:13.893Z] > command requires scopes: ["email","openid","https://www.googleapis.com/auth/cloudplatformprojects.readonly","https://www.googleapis.com/auth/firebase","https://www.googleapis.com/auth/cloud-platform"]
[debug] [2023-12-05T15:08:13.893Z] > authorizing via signed-in user (ingfrancisco.moreno1@gmail.com)
[info] 
     ######## #### ########  ######## ########     ###     ######  ########
     ##        ##  ##     ## ##       ##     ##  ##   ##  ##       ##
     ######    ##  ########  ######   ########  #########  ######  ######
     ##        ##  ##    ##  ##       ##     ## ##     ##       ## ##
     ##       #### ##     ## ######## ########  ##     ##  ######  ########

You're about to initialize a Firebase project in this directory:

  /Users/f.moreno/Projects/market-boughts

Before we get started, keep in mind:

  * You are initializing within an existing Firebase project directory

[info] 
=== Project Setup
[info] 
[info] First, let's associate this project directory with a Firebase project.
[info] You can create multiple project aliases by running firebase use --add, 
[info] but for now we'll just set up a default project.
[info] 
[debug] [2023-12-05T15:08:13.895Z] Using project from CLI flag: market-boughts
[debug] [2023-12-05T15:08:13.896Z] >>> [apiv2][query] GET https://firebase.googleapis.com/v1beta1/projects/market-boughts [none]
[debug] [2023-12-05T15:08:14.254Z] <<< [apiv2][status] GET https://firebase.googleapis.com/v1beta1/projects/market-boughts 200
[debug] [2023-12-05T15:08:14.254Z] <<< [apiv2][body] GET https://firebase.googleapis.com/v1beta1/projects/market-boughts {"projectId":"market-boughts","projectNumber":"410455492809","displayName":"market-boughts","name":"projects/market-boughts","resources":{"hostingSite":"market-boughts"},"state":"ACTIVE","etag":"1_54e873f2-188c-4619-af21-d00d341e275e"}
[info] i  Using project market-boughts (market-boughts) 
[info] 
=== Hosting:github Setup
[info] 
[info] i  Detected a .git folder at /Users/f.moreno/Projects/market-boughts 
[info] i  Authorizing with GitHub to upload your service account to a GitHub repository's secrets store. 
[info] 
[info] Visit this URL on this device to log in:
[info] https://github.com/login/oauth/authorize?client_id=89cf50f02ac6aaed3484&state=1023643838&redirect_uri=http%3A%2F%2Flocalhost%3A9005&scope=read%3Auser%20repo%20public_repo
[info] 
[info] Waiting for authentication...
[debug] [2023-12-05T15:08:56.633Z] >>> [apiv2][query] POST https://github.com/login/oauth/access_token [none]
[debug] [2023-12-05T15:08:56.634Z] >>> [apiv2][body] POST https://github.com/login/oauth/access_token [stream]
[debug] [2023-12-05T15:08:57.354Z] <<< [apiv2][status] POST https://github.com/login/oauth/access_token 200
[debug] [2023-12-05T15:08:57.354Z] <<< [apiv2][body] POST https://github.com/login/oauth/access_token {"access_token":"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","token_type":"bearer","scope":"read:user,repo"}
[debug] [2023-12-05T15:08:57.387Z] >>> [apiv2][query] GET https://api.github.com/user [none]
[debug] [2023-12-05T15:08:57.742Z] <<< [apiv2][status] GET https://api.github.com/user 200
[debug] [2023-12-05T15:08:57.743Z] <<< [apiv2][body] GET https://api.github.com/user {"login":"Frankeo","id":7246177,"node_id":"MDQ6VXNlcjcyNDYxNzc=","avatar_url":"https://avatars.githubusercontent.com/u/7246177?v=4","gravatar_id":"","url":"https://api.github.com/users/Frankeo","html_url":"https://github.com/Frankeo","followers_url":"https://api.github.com/users/Frankeo/followers","following_url":"https://api.github.com/users/Frankeo/following{/other_user}","gists_url":"https://api.github.com/users/Frankeo/gists{/gist_id}","starred_url":"https://api.github.com/users/Frankeo/starred{/owner}{/repo}","subscriptions_url":"https://api.github.com/users/Frankeo/subscriptions","organizations_url":"https://api.github.com/users/Frankeo/orgs","repos_url":"https://api.github.com/users/Frankeo/repos","events_url":"https://api.github.com/users/Frankeo/events{/privacy}","received_events_url":"https://api.github.com/users/Frankeo/received_events","type":"User","site_admin":false,"name":"Francisco Moreno","company":null,"blog":"","location":"Barcelona","email":"ingfrancisco.moreno1@gmail.com","hireable":true,"bio":null,"twitter_username":null,"public_repos":34,"public_gists":0,"followers":9,"following":2,"created_at":"2014-04-10T03:04:31Z","updated_at":"2023-11-27T12:22:03Z","private_gists":0,"total_private_repos":10,"owned_private_repos":10,"disk_usage":614462,"collaborators":1,"two_factor_authentication":true,"plan":{"name":"free","space":976562499,"collaborators":0,"private_repos":10000}}
[info] 
[info] ✔  Success! Logged into GitHub as Frankeo 
[info] 
